[INFO ] 2019-02-05 16:37:20.176 [main] UserRepositoryTest - Starting UserRepositoryTest on Empousa-Desenv with PID 5448 (started by daniela.conceicao in E:\Projetos\WebService\WebService\Desenvolvimento\Projeto\ProjetoWebService\proj-wsf-mod-user)
[DEBUG] 2019-02-05 16:37:20.177 [main] UserRepositoryTest - Running with Spring Boot v2.0.4.RELEASE, Spring v5.0.8.RELEASE
[INFO ] 2019-02-05 16:37:20.177 [main] UserRepositoryTest - The following profiles are active: dev
[INFO ] 2019-02-05 16:37:26.419 [main] UserRepositoryTest - Starting UserRepositoryTest on Empousa-Desenv with PID 5448 (started by daniela.conceicao in E:\Projetos\WebService\WebService\Desenvolvimento\Projeto\ProjetoWebService\proj-wsf-mod-user)
[DEBUG] 2019-02-05 16:37:26.419 [main] UserRepositoryTest - Running with Spring Boot v2.0.4.RELEASE, Spring v5.0.8.RELEASE
[INFO ] 2019-02-05 16:37:26.419 [main] UserRepositoryTest - The following profiles are active: dev
[INFO ] 2019-02-05 16:37:28.219 [main] UserRepositoryTest - Starting UserRepositoryTest on Empousa-Desenv with PID 5448 (started by daniela.conceicao in E:\Projetos\WebService\WebService\Desenvolvimento\Projeto\ProjetoWebService\proj-wsf-mod-user)
[DEBUG] 2019-02-05 16:37:28.219 [main] UserRepositoryTest - Running with Spring Boot v2.0.4.RELEASE, Spring v5.0.8.RELEASE
[INFO ] 2019-02-05 16:37:28.219 [main] UserRepositoryTest - The following profiles are active: dev
[INFO ] 2019-02-05 16:37:29.202 [main] UserRepositoryTest - Starting UserRepositoryTest on Empousa-Desenv with PID 5448 (started by daniela.conceicao in E:\Projetos\WebService\WebService\Desenvolvimento\Projeto\ProjetoWebService\proj-wsf-mod-user)
[DEBUG] 2019-02-05 16:37:29.202 [main] UserRepositoryTest - Running with Spring Boot v2.0.4.RELEASE, Spring v5.0.8.RELEASE
[INFO ] 2019-02-05 16:37:29.202 [main] UserRepositoryTest - The following profiles are active: dev
[INFO ] 2019-02-05 16:37:29.858 [main] UserRepositoryTest - Starting UserRepositoryTest on Empousa-Desenv with PID 5448 (started by daniela.conceicao in E:\Projetos\WebService\WebService\Desenvolvimento\Projeto\ProjetoWebService\proj-wsf-mod-user)
[DEBUG] 2019-02-05 16:37:29.858 [main] UserRepositoryTest - Running with Spring Boot v2.0.4.RELEASE, Spring v5.0.8.RELEASE
[INFO ] 2019-02-05 16:37:29.858 [main] UserRepositoryTest - The following profiles are active: dev
[INFO ] 2019-02-05 16:37:30.534 [main] UserRepositoryTest - Starting UserRepositoryTest on Empousa-Desenv with PID 5448 (started by daniela.conceicao in E:\Projetos\WebService\WebService\Desenvolvimento\Projeto\ProjetoWebService\proj-wsf-mod-user)
[DEBUG] 2019-02-05 16:37:30.534 [main] UserRepositoryTest - Running with Spring Boot v2.0.4.RELEASE, Spring v5.0.8.RELEASE
[INFO ] 2019-02-05 16:37:30.534 [main] UserRepositoryTest - The following profiles are active: dev
[INFO ] 2019-02-05 16:39:12.485 [main] UserRepositoryTest - Starting UserRepositoryTest on Empousa-Desenv with PID 5528 (started by daniela.conceicao in E:\Projetos\WebService\WebService\Desenvolvimento\Projeto\ProjetoWebService\proj-wsf-mod-user)
[DEBUG] 2019-02-05 16:39:12.486 [main] UserRepositoryTest - Running with Spring Boot v2.0.4.RELEASE, Spring v5.0.8.RELEASE
[INFO ] 2019-02-05 16:39:12.487 [main] UserRepositoryTest - The following profiles are active: dev
[INFO ] 2019-02-05 16:39:16.828 [main] UserRepositoryTest - Starting UserRepositoryTest on Empousa-Desenv with PID 5528 (started by daniela.conceicao in E:\Projetos\WebService\WebService\Desenvolvimento\Projeto\ProjetoWebService\proj-wsf-mod-user)
[DEBUG] 2019-02-05 16:39:16.828 [main] UserRepositoryTest - Running with Spring Boot v2.0.4.RELEASE, Spring v5.0.8.RELEASE
[INFO ] 2019-02-05 16:39:16.828 [main] UserRepositoryTest - The following profiles are active: dev
[INFO ] 2019-02-05 16:39:17.774 [main] UserRepositoryTest - Starting UserRepositoryTest on Empousa-Desenv with PID 5528 (started by daniela.conceicao in E:\Projetos\WebService\WebService\Desenvolvimento\Projeto\ProjetoWebService\proj-wsf-mod-user)
[DEBUG] 2019-02-05 16:39:17.774 [main] UserRepositoryTest - Running with Spring Boot v2.0.4.RELEASE, Spring v5.0.8.RELEASE
[INFO ] 2019-02-05 16:39:17.774 [main] UserRepositoryTest - The following profiles are active: dev
[INFO ] 2019-02-05 16:39:18.584 [main] UserRepositoryTest - Starting UserRepositoryTest on Empousa-Desenv with PID 5528 (started by daniela.conceicao in E:\Projetos\WebService\WebService\Desenvolvimento\Projeto\ProjetoWebService\proj-wsf-mod-user)
[DEBUG] 2019-02-05 16:39:18.584 [main] UserRepositoryTest - Running with Spring Boot v2.0.4.RELEASE, Spring v5.0.8.RELEASE
[INFO ] 2019-02-05 16:39:18.585 [main] UserRepositoryTest - The following profiles are active: dev
[INFO ] 2019-02-05 16:39:19.356 [main] UserRepositoryTest - Starting UserRepositoryTest on Empousa-Desenv with PID 5528 (started by daniela.conceicao in E:\Projetos\WebService\WebService\Desenvolvimento\Projeto\ProjetoWebService\proj-wsf-mod-user)
[DEBUG] 2019-02-05 16:39:19.356 [main] UserRepositoryTest - Running with Spring Boot v2.0.4.RELEASE, Spring v5.0.8.RELEASE
[INFO ] 2019-02-05 16:39:19.356 [main] UserRepositoryTest - The following profiles are active: dev
[INFO ] 2019-02-05 16:39:20.030 [main] UserRepositoryTest - Starting UserRepositoryTest on Empousa-Desenv with PID 5528 (started by daniela.conceicao in E:\Projetos\WebService\WebService\Desenvolvimento\Projeto\ProjetoWebService\proj-wsf-mod-user)
[DEBUG] 2019-02-05 16:39:20.031 [main] UserRepositoryTest - Running with Spring Boot v2.0.4.RELEASE, Spring v5.0.8.RELEASE
[INFO ] 2019-02-05 16:39:20.031 [main] UserRepositoryTest - The following profiles are active: dev
[INFO ] 2019-02-05 16:42:12.193 [main] UserRepositoryTest - Starting UserRepositoryTest on Empousa-Desenv with PID 1232 (started by daniela.conceicao in E:\Projetos\WebService\WebService\Desenvolvimento\Projeto\ProjetoWebService\proj-wsf-mod-user)
[DEBUG] 2019-02-05 16:42:12.194 [main] UserRepositoryTest - Running with Spring Boot v2.0.4.RELEASE, Spring v5.0.8.RELEASE
[INFO ] 2019-02-05 16:42:12.195 [main] UserRepositoryTest - The following profiles are active: dev
[INFO ] 2019-02-05 16:42:17.760 [main] UserRepositoryTest - Started UserRepositoryTest in 6.672 seconds (JVM running for 8.7)
[INFO ] 2019-02-05 16:44:05.758 [main] UserRepositoryTest - Starting UserRepositoryTest on Empousa-Desenv with PID 5036 (started by daniela.conceicao in E:\Projetos\WebService\WebService\Desenvolvimento\Projeto\ProjetoWebService\proj-wsf-mod-user)
[DEBUG] 2019-02-05 16:44:05.758 [main] UserRepositoryTest - Running with Spring Boot v2.0.4.RELEASE, Spring v5.0.8.RELEASE
[INFO ] 2019-02-05 16:44:05.758 [main] UserRepositoryTest - The following profiles are active: dev
[INFO ] 2019-02-05 16:44:11.239 [main] UserRepositoryTest - Started UserRepositoryTest in 6.583 seconds (JVM running for 10.501)
[INFO ] 2019-02-05 16:49:07.768 [main] UserRepositoryTest - Starting UserRepositoryTest on Empousa-Desenv with PID 3428 (started by daniela.conceicao in E:\Projetos\WebService\WebService\Desenvolvimento\Projeto\ProjetoWebService\proj-wsf-mod-user)
[DEBUG] 2019-02-05 16:49:07.768 [main] UserRepositoryTest - Running with Spring Boot v2.0.4.RELEASE, Spring v5.0.8.RELEASE
[INFO ] 2019-02-05 16:49:07.768 [main] UserRepositoryTest - The following profiles are active: dev
[INFO ] 2019-02-05 16:49:12.221 [main] UserRepositoryTest - Started UserRepositoryTest in 5.637 seconds (JVM running for 8.342)
[INFO ] 2019-02-05 16:54:38.371 [main] ProfileRepositoryTest - Starting ProfileRepositoryTest on Empousa-Desenv with PID 6132 (started by daniela.conceicao in E:\Projetos\WebService\WebService\Desenvolvimento\Projeto\ProjetoWebService\proj-wsf-mod-user)
[DEBUG] 2019-02-05 16:54:38.371 [main] ProfileRepositoryTest - Running with Spring Boot v2.0.4.RELEASE, Spring v5.0.8.RELEASE
[INFO ] 2019-02-05 16:54:38.372 [main] ProfileRepositoryTest - The following profiles are active: dev
[INFO ] 2019-02-05 16:54:43.460 [main] ProfileRepositoryTest - Starting ProfileRepositoryTest on Empousa-Desenv with PID 6132 (started by daniela.conceicao in E:\Projetos\WebService\WebService\Desenvolvimento\Projeto\ProjetoWebService\proj-wsf-mod-user)
[DEBUG] 2019-02-05 16:54:43.460 [main] ProfileRepositoryTest - Running with Spring Boot v2.0.4.RELEASE, Spring v5.0.8.RELEASE
[INFO ] 2019-02-05 16:54:43.460 [main] ProfileRepositoryTest - The following profiles are active: dev
[INFO ] 2019-02-05 16:54:44.895 [main] ProfileRepositoryTest - Starting ProfileRepositoryTest on Empousa-Desenv with PID 6132 (started by daniela.conceicao in E:\Projetos\WebService\WebService\Desenvolvimento\Projeto\ProjetoWebService\proj-wsf-mod-user)
[DEBUG] 2019-02-05 16:54:44.895 [main] ProfileRepositoryTest - Running with Spring Boot v2.0.4.RELEASE, Spring v5.0.8.RELEASE
[INFO ] 2019-02-05 16:54:44.895 [main] ProfileRepositoryTest - The following profiles are active: dev
[INFO ] 2019-02-05 16:54:46.031 [main] ProfileRepositoryTest - Starting ProfileRepositoryTest on Empousa-Desenv with PID 6132 (started by daniela.conceicao in E:\Projetos\WebService\WebService\Desenvolvimento\Projeto\ProjetoWebService\proj-wsf-mod-user)
[DEBUG] 2019-02-05 16:54:46.031 [main] ProfileRepositoryTest - Running with Spring Boot v2.0.4.RELEASE, Spring v5.0.8.RELEASE
[INFO ] 2019-02-05 16:54:46.031 [main] ProfileRepositoryTest - The following profiles are active: dev
[INFO ] 2019-02-05 16:54:47.247 [main] ProfileRepositoryTest - Starting ProfileRepositoryTest on Empousa-Desenv with PID 6132 (started by daniela.conceicao in E:\Projetos\WebService\WebService\Desenvolvimento\Projeto\ProjetoWebService\proj-wsf-mod-user)
[DEBUG] 2019-02-05 16:54:47.247 [main] ProfileRepositoryTest - Running with Spring Boot v2.0.4.RELEASE, Spring v5.0.8.RELEASE
[INFO ] 2019-02-05 16:54:47.247 [main] ProfileRepositoryTest - The following profiles are active: dev
[INFO ] 2019-02-05 16:54:48.334 [main] ProfileRepositoryTest - Starting ProfileRepositoryTest on Empousa-Desenv with PID 6132 (started by daniela.conceicao in E:\Projetos\WebService\WebService\Desenvolvimento\Projeto\ProjetoWebService\proj-wsf-mod-user)
[DEBUG] 2019-02-05 16:54:48.334 [main] ProfileRepositoryTest - Running with Spring Boot v2.0.4.RELEASE, Spring v5.0.8.RELEASE
[INFO ] 2019-02-05 16:54:48.334 [main] ProfileRepositoryTest - The following profiles are active: dev
[INFO ] 2019-02-05 16:56:24.130 [main] ProfileRepositoryTest - Starting ProfileRepositoryTest on Empousa-Desenv with PID 1232 (started by daniela.conceicao in E:\Projetos\WebService\WebService\Desenvolvimento\Projeto\ProjetoWebService\proj-wsf-mod-user)
[DEBUG] 2019-02-05 16:56:24.130 [main] ProfileRepositoryTest - Running with Spring Boot v2.0.4.RELEASE, Spring v5.0.8.RELEASE
[INFO ] 2019-02-05 16:56:24.130 [main] ProfileRepositoryTest - The following profiles are active: dev
[INFO ] 2019-02-05 16:56:30.620 [main] ProfileRepositoryTest - Starting ProfileRepositoryTest on Empousa-Desenv with PID 1232 (started by daniela.conceicao in E:\Projetos\WebService\WebService\Desenvolvimento\Projeto\ProjetoWebService\proj-wsf-mod-user)
[DEBUG] 2019-02-05 16:56:30.620 [main] ProfileRepositoryTest - Running with Spring Boot v2.0.4.RELEASE, Spring v5.0.8.RELEASE
[INFO ] 2019-02-05 16:56:30.620 [main] ProfileRepositoryTest - The following profiles are active: dev
[INFO ] 2019-02-05 16:56:32.413 [main] ProfileRepositoryTest - Starting ProfileRepositoryTest on Empousa-Desenv with PID 1232 (started by daniela.conceicao in E:\Projetos\WebService\WebService\Desenvolvimento\Projeto\ProjetoWebService\proj-wsf-mod-user)
[DEBUG] 2019-02-05 16:56:32.413 [main] ProfileRepositoryTest - Running with Spring Boot v2.0.4.RELEASE, Spring v5.0.8.RELEASE
[INFO ] 2019-02-05 16:56:32.413 [main] ProfileRepositoryTest - The following profiles are active: dev
[INFO ] 2019-02-05 16:56:34.005 [main] ProfileRepositoryTest - Starting ProfileRepositoryTest on Empousa-Desenv with PID 1232 (started by daniela.conceicao in E:\Projetos\WebService\WebService\Desenvolvimento\Projeto\ProjetoWebService\proj-wsf-mod-user)
[DEBUG] 2019-02-05 16:56:34.005 [main] ProfileRepositoryTest - Running with Spring Boot v2.0.4.RELEASE, Spring v5.0.8.RELEASE
[INFO ] 2019-02-05 16:56:34.005 [main] ProfileRepositoryTest - The following profiles are active: dev
[INFO ] 2019-02-05 16:56:35.108 [main] ProfileRepositoryTest - Starting ProfileRepositoryTest on Empousa-Desenv with PID 1232 (started by daniela.conceicao in E:\Projetos\WebService\WebService\Desenvolvimento\Projeto\ProjetoWebService\proj-wsf-mod-user)
[DEBUG] 2019-02-05 16:56:35.108 [main] ProfileRepositoryTest - Running with Spring Boot v2.0.4.RELEASE, Spring v5.0.8.RELEASE
[INFO ] 2019-02-05 16:56:35.108 [main] ProfileRepositoryTest - The following profiles are active: dev
[INFO ] 2019-02-05 16:56:36.663 [main] ProfileRepositoryTest - Starting ProfileRepositoryTest on Empousa-Desenv with PID 1232 (started by daniela.conceicao in E:\Projetos\WebService\WebService\Desenvolvimento\Projeto\ProjetoWebService\proj-wsf-mod-user)
[DEBUG] 2019-02-05 16:56:36.663 [main] ProfileRepositoryTest - Running with Spring Boot v2.0.4.RELEASE, Spring v5.0.8.RELEASE
[INFO ] 2019-02-05 16:56:36.663 [main] ProfileRepositoryTest - The following profiles are active: dev
[INFO ] 2019-02-05 16:58:41.468 [main] ProfileRepositoryTest - Starting ProfileRepositoryTest on Empousa-Desenv with PID 2520 (started by daniela.conceicao in E:\Projetos\WebService\WebService\Desenvolvimento\Projeto\ProjetoWebService\proj-wsf-mod-user)
[DEBUG] 2019-02-05 16:58:41.468 [main] ProfileRepositoryTest - Running with Spring Boot v2.0.4.RELEASE, Spring v5.0.8.RELEASE
[INFO ] 2019-02-05 16:58:41.468 [main] ProfileRepositoryTest - The following profiles are active: dev
[INFO ] 2019-02-05 16:58:46.981 [main] ProfileRepositoryTest - Started ProfileRepositoryTest in 7.316 seconds (JVM running for 9.307)
[INFO ] 2019-02-05 17:21:20.965 [main] UserDAOTest - Starting UserDAOTest on Empousa-Desenv with PID 5332 (started by daniela.conceicao in E:\Projetos\WebService\WebService\Desenvolvimento\Projeto\ProjetoWebService\proj-wsf-mod-user)
[DEBUG] 2019-02-05 17:21:20.967 [main] UserDAOTest - Running with Spring Boot v2.0.4.RELEASE, Spring v5.0.8.RELEASE
[INFO ] 2019-02-05 17:21:20.967 [main] UserDAOTest - The following profiles are active: dev
[INFO ] 2019-02-05 17:21:25.227 [main] UserDAOTest - Started UserDAOTest in 5.743 seconds (JVM running for 7.706)
[INFO ] 2019-02-05 17:22:27.722 [main] UserDAOTest - Starting UserDAOTest on Empousa-Desenv with PID 5652 (started by daniela.conceicao in E:\Projetos\WebService\WebService\Desenvolvimento\Projeto\ProjetoWebService\proj-wsf-mod-user)
[DEBUG] 2019-02-05 17:22:27.723 [main] UserDAOTest - Running with Spring Boot v2.0.4.RELEASE, Spring v5.0.8.RELEASE
[INFO ] 2019-02-05 17:22:27.724 [main] UserDAOTest - The following profiles are active: dev
[INFO ] 2019-02-05 17:22:31.843 [main] UserDAOTest - Started UserDAOTest in 5.669 seconds (JVM running for 7.757)
[INFO ] 2019-02-05 17:29:33.836 [main] ProfileDAOTest - Starting ProfileDAOTest on Empousa-Desenv with PID 5464 (started by daniela.conceicao in E:\Projetos\WebService\WebService\Desenvolvimento\Projeto\ProjetoWebService\proj-wsf-mod-user)
[DEBUG] 2019-02-05 17:29:33.836 [main] ProfileDAOTest - Running with Spring Boot v2.0.4.RELEASE, Spring v5.0.8.RELEASE
[INFO ] 2019-02-05 17:29:33.836 [main] ProfileDAOTest - The following profiles are active: dev
[INFO ] 2019-02-05 17:29:38.535 [main] ProfileDAOTest - Started ProfileDAOTest in 5.686 seconds (JVM running for 7.637)
[INFO ] 2019-02-05 17:30:46.011 [main] UserDAOTest - Starting UserDAOTest on Empousa-Desenv with PID 5232 (started by daniela.conceicao in E:\Projetos\WebService\WebService\Desenvolvimento\Projeto\ProjetoWebService\proj-wsf-mod-user)
[DEBUG] 2019-02-05 17:30:46.011 [main] UserDAOTest - Running with Spring Boot v2.0.4.RELEASE, Spring v5.0.8.RELEASE
[INFO ] 2019-02-05 17:30:46.011 [main] UserDAOTest - The following profiles are active: dev
[INFO ] 2019-02-05 17:30:50.788 [main] UserDAOTest - Started UserDAOTest in 5.605 seconds (JVM running for 7.492)
[INFO ] 2019-02-05 17:31:58.418 [main] UserDAOTest - Starting UserDAOTest on Empousa-Desenv with PID 4592 (started by daniela.conceicao in E:\Projetos\WebService\WebService\Desenvolvimento\Projeto\ProjetoWebService\proj-wsf-mod-user)
[DEBUG] 2019-02-05 17:31:58.419 [main] UserDAOTest - Running with Spring Boot v2.0.4.RELEASE, Spring v5.0.8.RELEASE
[INFO ] 2019-02-05 17:31:58.419 [main] UserDAOTest - The following profiles are active: dev
[INFO ] 2019-02-05 17:32:03.819 [main] UserDAOTest - Started UserDAOTest in 6.43 seconds (JVM running for 8.284)
[INFO ] 2019-02-05 17:53:23.111 [main] UserServiceTest - Starting UserServiceTest on Empousa-Desenv with PID 2952 (started by daniela.conceicao in E:\Projetos\WebService\WebService\Desenvolvimento\Projeto\ProjetoWebService\proj-wsf-mod-user)
[DEBUG] 2019-02-05 17:53:23.111 [main] UserServiceTest - Running with Spring Boot v2.0.4.RELEASE, Spring v5.0.8.RELEASE
[INFO ] 2019-02-05 17:53:23.111 [main] UserServiceTest - The following profiles are active: dev
[INFO ] 2019-02-05 17:53:28.110 [main] UserServiceTest - Started UserServiceTest in 6.099 seconds (JVM running for 8.304)
[INFO ] 2019-02-05 17:55:32.076 [main] ProfileServiceTest - Starting ProfileServiceTest on Empousa-Desenv with PID 3840 (started by daniela.conceicao in E:\Projetos\WebService\WebService\Desenvolvimento\Projeto\ProjetoWebService\proj-wsf-mod-user)
[DEBUG] 2019-02-05 17:55:32.078 [main] ProfileServiceTest - Running with Spring Boot v2.0.4.RELEASE, Spring v5.0.8.RELEASE
[INFO ] 2019-02-05 17:55:32.080 [main] ProfileServiceTest - The following profiles are active: dev
[INFO ] 2019-02-05 17:55:36.715 [main] ProfileServiceTest - Started ProfileServiceTest in 6.052 seconds (JVM running for 8.376)
[INFO ] 2019-02-05 17:57:16.474 [main] ProfileServiceTest - Starting ProfileServiceTest on Empousa-Desenv with PID 2344 (started by daniela.conceicao in E:\Projetos\WebService\WebService\Desenvolvimento\Projeto\ProjetoWebService\proj-wsf-mod-user)
[DEBUG] 2019-02-05 17:57:16.474 [main] ProfileServiceTest - Running with Spring Boot v2.0.4.RELEASE, Spring v5.0.8.RELEASE
[INFO ] 2019-02-05 17:57:16.474 [main] ProfileServiceTest - The following profiles are active: dev
[INFO ] 2019-02-05 17:57:22.340 [main] ProfileServiceTest - Started ProfileServiceTest in 6.924 seconds (JVM running for 8.927)
[INFO ] 2019-02-05 18:00:04.792 [main] ProfileServiceTest - Starting ProfileServiceTest on Empousa-Desenv with PID 5968 (started by daniela.conceicao in E:\Projetos\WebService\WebService\Desenvolvimento\Projeto\ProjetoWebService\proj-wsf-mod-user)
[DEBUG] 2019-02-05 18:00:04.792 [main] ProfileServiceTest - Running with Spring Boot v2.0.4.RELEASE, Spring v5.0.8.RELEASE
[INFO ] 2019-02-05 18:00:04.792 [main] ProfileServiceTest - The following profiles are active: dev
[INFO ] 2019-02-05 18:00:09.773 [main] ProfileServiceTest - Started ProfileServiceTest in 5.777 seconds (JVM running for 7.603)
